Loading compiler version 2023.2.0
Loading tbb version 2021.10.0
Loading compiler-rt version 2023.2.0
Loading oclfpga version 2023.2.0
  Load "debugger" to debug DPC++ applications with the gdb-oneapi debugger.
  Load "dpl" for additional DPC++ APIs: https://github.com/oneapi-src/oneDPL

Loading mpi/latest
  Loading requirement: tbb/latest compiler-rt/latest oclfpga/latest
    compiler/latest
Hello world: rank 0 of 12 running on apollo32
Hello world: rank 1 of 12 running on apollo32
Hello world: rank 2 of 12 running on apollo32
Hello world: rank 3 of 12 running on apollo32
Hello world: rank 4 of 12 running on apollo32
Hello world: rank 5 of 12 running on apollo32
Hello world: rank 6 of 12 running on apollo33
Hello world: rank 7 of 12 running on apollo33
Hello world: rank 8 of 12 running on apollo33
Hello world: rank 9 of 12 running on apollo33
Hello world: rank 10 of 12 running on apollo33
Hello world: rank 11 of 12 running on apollo33
